<html>
<head>
<meta http-equiv="Content-Type" content="text/html;charset=gbk">
<title>PostgreSQL research</title>
<style type="text/css">
.blogcnt{line-height:160%;font-size:14px;text-align:left;word-wrap:break-word;}
.blogcnt *{line-height:160%;}
.blogcnt p{margin:0 0 10px;}
.blogcnt ul,.nbw-blog ol{margin:5px 0 5px 40px;padding:0}
.blogcnt em{font-style:italic;}
.blogcnt blockquote{font-size:1em;margin:auto 0 auto 35px;}
.blogcnt img{border:0;max-width:100%;}
</style>
</head>
<body style="color:#444444;">
<h1 id="blog-Title"><a href="index.html">PostgreSQL research</a></h1>
<div id="" style="padding:0 20px;">
	<h2 id="">PostgreSQL 9.2 add plain indexscans when use in OR =any conditions</h2>
	<h5 id="">2012-05-18 14:59:44&nbsp;&nbsp;&nbsp;<a href="http://blog.163.com/digoal@126/blog/static/163877040201241825228132/" target="_blank">查看原文&gt;&gt;</a></h5>
	<div class="" id="" style="padding:0 20px;">
		<div class="blogcnt" style="width:800px;"><div>PostgreSQL 9.2 beta release notes里面提到的</div><div><pre class="prettyprint"  ><p><font size="2"  >Allow indexedcol op ANY(ARRAY[...]) conditions to be used in plain indexscans (Tom Lane)</font></p></pre></div><div>注意是允许, 也就是说早期的版本是不允许的.</div><div><br></div>PostgreSQL &nbsp;早期的版本处理IN和=any这种查询条件时是怎么样的呢?<wbr><div>来看个测试 :&nbsp;</div><div>9.1.3版本</div><div>创建测试表，插入测试数据，创建需要测试的列的索引。</div><div><div><pre class="prettyprint"  ><p></p><div><font size="2"  >digoal=# create table info_test (id int , username text);</font></div><div><font size="2"  >CREATE TABLE</font></div><div><font size="2"  >digoal=# insert into info_test select generate_series(1,2000000),'digoal'||generate_series(1,2000000);</font></div><div><font size="2"  >INSERT 0 2000000</font></div><div><font size="2"  >digoal=# create index idx_info_test_username on info_test (username);</font></div><div><font size="2"  >CREATE INDEX</font></div><p></p></pre></div><div>分析表</div><div><pre class="prettyprint"  ><p></p><div><font size="2"  >digoal=# analyze info_test ;</font></div><div><font size="2"  >ANALYZE</font></div><p></p></pre></div></div><div>查看= any这种查询条件的执行计划, 这里使用的是bitmap index scan和bitmap heap scan.</div><div><pre class="prettyprint"  ><p></p><div><font size="2"  >digoal=# explain analyze select * from info_test where username = any (ARRAY['digoal1','digoal1000']);</font></div><div><font size="2"  >&nbsp; &nbsp; &nbsp; &nbsp; &nbsp; &nbsp; &nbsp; &nbsp; &nbsp; &nbsp; &nbsp; &nbsp; &nbsp; &nbsp; &nbsp; &nbsp; &nbsp; &nbsp; &nbsp; &nbsp; &nbsp; &nbsp; &nbsp; &nbsp; &nbsp; &nbsp; &nbsp; &nbsp; &nbsp; QUERY PLAN &nbsp; &nbsp; &nbsp; &nbsp; &nbsp; &nbsp; &nbsp; &nbsp; &nbsp; &nbsp; &nbsp; &nbsp; &nbsp; &nbsp; &nbsp; &nbsp; &nbsp; &nbsp; &nbsp; &nbsp; &nbsp; &nbsp; &nbsp; &nbsp; &nbsp; &nbsp; &nbsp; &nbsp; &nbsp;&nbsp;</font></div><div><font size="2"  >-------------------------------------------------------------------------------------------------------------------------------</font></div><div><font size="2"  >&nbsp;Bitmap Heap Scan on info_test &nbsp;(cost=2.59..4.62 rows=2 width=17) (actual time=0.112..0.114 rows=2 loops=1)</font></div><div><font size="2"  >&nbsp; &nbsp;Recheck Cond: (username = ANY ('{digoal1,digoal1000}'::text[]))</font></div><div><font size="2"  >&nbsp; &nbsp;-&gt; &nbsp;Bitmap Index Scan on idx_info_test_username &nbsp;(cost=0.00..2.59 rows=2 width=0) (actual time=0.103..0.103 rows=2 loops=1)</font></div><div><font size="2"  >&nbsp; &nbsp; &nbsp; &nbsp; &nbsp;Index Cond: (username = ANY ('{digoal1,digoal1000}'::text[]))</font></div><div><font size="2"  >&nbsp;Total runtime: 0.159 ms</font></div><div><font size="2"  >(5 rows)</font></div><p></p></pre></div><div>= any和in 的执行计划一样</div><div><pre class="prettyprint"  ><p></p><div><font size="2"  >digoal=# explain analyze select * from info_test where username in ('digoal1','digoal1000');</font></div><div><font size="2"  >&nbsp; &nbsp; &nbsp; &nbsp; &nbsp; &nbsp; &nbsp; &nbsp; &nbsp; &nbsp; &nbsp; &nbsp; &nbsp; &nbsp; &nbsp; &nbsp; &nbsp; &nbsp; &nbsp; &nbsp; &nbsp; &nbsp; &nbsp; &nbsp; &nbsp; &nbsp; &nbsp; &nbsp; &nbsp; QUERY PLAN &nbsp; &nbsp; &nbsp; &nbsp; &nbsp; &nbsp; &nbsp; &nbsp; &nbsp; &nbsp; &nbsp; &nbsp; &nbsp; &nbsp; &nbsp; &nbsp; &nbsp; &nbsp; &nbsp; &nbsp; &nbsp; &nbsp; &nbsp; &nbsp; &nbsp; &nbsp; &nbsp; &nbsp; &nbsp;&nbsp;</font></div><div><font size="2"  >-------------------------------------------------------------------------------------------------------------------------------</font></div><div><font size="2"  >&nbsp;Bitmap Heap Scan on info_test &nbsp;(cost=2.59..4.62 rows=2 width=17) (actual time=0.048..0.051 rows=2 loops=1)</font></div><div><font size="2"  >&nbsp; &nbsp;Recheck Cond: (username = ANY ('{digoal1,digoal1000}'::text[]))</font></div><div><font size="2"  >&nbsp; &nbsp;-&gt; &nbsp;Bitmap Index Scan on idx_info_test_username &nbsp;(cost=0.00..2.59 rows=2 width=0) (actual time=0.039..0.039 rows=2 loops=1)</font></div><div><font size="2"  >&nbsp; &nbsp; &nbsp; &nbsp; &nbsp;Index Cond: (username = ANY ('{digoal1,digoal1000}'::text[]))</font></div><div><font size="2"  >&nbsp;Total runtime: 0.091 ms</font></div><div><font size="2"  >(5 rows)</font></div><p></p></pre></div><div>如果关闭bitmapscan看看会走什么执行计划, 结果走了全表扫描.</div><div><pre class="prettyprint"  ><p></p><div><font size="2"  >digoal=# set enable_bitmapscan=off;</font></div><div><font size="2"  >SET</font></div><div><font size="2"  >digoal=# explain analyze select * from info_test where username = any (ARRAY['digoal1','digoal1000']);</font></div><div><font size="2"  >&nbsp; &nbsp; &nbsp; &nbsp; &nbsp; &nbsp; &nbsp; &nbsp; &nbsp; &nbsp; &nbsp; &nbsp; &nbsp; &nbsp; &nbsp; &nbsp; &nbsp; &nbsp; &nbsp; &nbsp; &nbsp; &nbsp; &nbsp; &nbsp; QUERY PLAN &nbsp; &nbsp; &nbsp; &nbsp; &nbsp; &nbsp; &nbsp; &nbsp; &nbsp; &nbsp; &nbsp; &nbsp; &nbsp; &nbsp; &nbsp; &nbsp; &nbsp; &nbsp; &nbsp; &nbsp; &nbsp; &nbsp; &nbsp; &nbsp;</font></div><div><font size="2"  >----------------------------------------------------------------------------------------------------------</font></div><div><font size="2"  >&nbsp;Seq Scan on info_test &nbsp;(cost=0.00..37643.00 rows=2 width=17) (actual time=0.020..423.427 rows=2 loops=1)</font></div><div><font size="2"  >&nbsp; &nbsp;Filter: (username = ANY ('{digoal1,digoal1000}'::text[]))</font></div><div><font size="2"  >&nbsp;Total runtime: 423.471 ms</font></div><div><font size="2"  >(3 rows)</font></div><p></p></pre></div><div>9.2 beta的release notes用到了allow这个词, 那就是说以前的版本是not allow的, 所以我这里关闭全表扫描看看会走什么执行计划.</div><div>从结果上看走了bitmap scan . 所以确实是不允许index scan的.</div><div><pre class="prettyprint"  ><p></p><div><font size="2"  >digoal=# set enable_seqscan=off;</font></div><div><font size="2"  >SET</font></div><div><font size="2"  >digoal=# explain analyze select * from info_test where username = any (ARRAY['digoal1','digoal1000']);</font></div><div><font size="2"  >&nbsp; &nbsp; &nbsp; &nbsp; &nbsp; &nbsp; &nbsp; &nbsp; &nbsp; &nbsp; &nbsp; &nbsp; &nbsp; &nbsp; &nbsp; &nbsp; &nbsp; &nbsp; &nbsp; &nbsp; &nbsp; &nbsp; &nbsp; &nbsp; &nbsp; &nbsp; &nbsp; &nbsp; &nbsp; &nbsp;QUERY PLAN &nbsp; &nbsp; &nbsp; &nbsp; &nbsp; &nbsp; &nbsp; &nbsp; &nbsp; &nbsp; &nbsp; &nbsp; &nbsp; &nbsp; &nbsp; &nbsp; &nbsp; &nbsp; &nbsp; &nbsp; &nbsp; &nbsp; &nbsp; &nbsp; &nbsp; &nbsp; &nbsp; &nbsp; &nbsp;&nbsp;</font></div><div><font size="2"  >--------------------------------------------------------------------------------------------------------------------------------</font></div><div><font size="2"  >&nbsp;Bitmap Heap Scan on info_test &nbsp;(cost=10000000002.59..10000000004.62 rows=2 width=17) (actual time=0.044..0.047 rows=2 loops=1)</font></div><div><font size="2"  >&nbsp; &nbsp;Recheck Cond: (username = ANY ('{digoal1,digoal1000}'::text[]))</font></div><div><font size="2"  >&nbsp; &nbsp;-&gt; &nbsp;Bitmap Index Scan on idx_info_test_username &nbsp;(cost=0.00..2.59 rows=2 width=0) (actual time=0.034..0.034 rows=2 loops=1)</font></div><div><font size="2"  >&nbsp; &nbsp; &nbsp; &nbsp; &nbsp;Index Cond: (username = ANY ('{digoal1,digoal1000}'::text[]))</font></div><div><font size="2"  >&nbsp;Total runtime: 0.080 ms</font></div><div><font size="2"  >(5 rows)</font></div><p></p></pre></div><div><br></div><div>来看看PostgreSQL 9.2怎么处理这种查询条件 :&nbsp;</div><div>确实使用了indexscan。</div><div><pre class="prettyprint"  ><p></p><div><font size="2"  >digoal=# explain analyze select * from info_test where username = any (ARRAY['digoal1','digoal1000']);</font></div><div><div><font size="2"  >&nbsp; &nbsp; &nbsp; &nbsp; &nbsp; &nbsp; &nbsp; &nbsp; &nbsp; &nbsp; &nbsp; &nbsp; &nbsp; &nbsp; &nbsp; &nbsp; &nbsp; &nbsp; &nbsp; &nbsp; &nbsp; &nbsp; &nbsp; &nbsp; &nbsp; &nbsp; &nbsp; &nbsp; &nbsp; &nbsp; QUERY PLAN &nbsp; &nbsp; &nbsp; &nbsp; &nbsp; &nbsp; &nbsp; &nbsp; &nbsp; &nbsp; &nbsp; &nbsp; &nbsp; &nbsp; &nbsp; &nbsp; &nbsp; &nbsp; &nbsp; &nbsp; &nbsp; &nbsp; &nbsp; &nbsp; &nbsp; &nbsp; &nbsp; &nbsp; &nbsp; &nbsp;&nbsp;</font></div><div><font size="2"  >-----------------------------------------------------------------------------------------------------------------------------------</font></div><div><font size="2"  >&nbsp;Index Scan using idx_info_test_username on info_test &nbsp;(cost=0.00..4.69 rows=2 width=17) (actual time=0.014..0.022 rows=2 loops=1)</font></div><div><font size="2"  >&nbsp; &nbsp;Index Cond: (username = ANY ('{digoal1,digoal1000}'::text[]))</font></div><div><font size="2"  >&nbsp;Total runtime: 0.044 ms</font></div><div><font size="2"  >(3 rows)</font></div></div><p></p></pre></div><div>同时in也使用了indexscan。</div><div><pre class="prettyprint"  ><p></p><div><font size="2"  >digoal=# explain analyze select * from info_test where username in ('digoal1','digoal1000');</font></div><div><font size="2"  >&nbsp; &nbsp; &nbsp; &nbsp; &nbsp; &nbsp; &nbsp; &nbsp; &nbsp; &nbsp; &nbsp; &nbsp; &nbsp; &nbsp; &nbsp; &nbsp; &nbsp; &nbsp; &nbsp; &nbsp; &nbsp; &nbsp; &nbsp; &nbsp; &nbsp; &nbsp; &nbsp; &nbsp; &nbsp; &nbsp; QUERY PLAN &nbsp; &nbsp; &nbsp; &nbsp; &nbsp; &nbsp; &nbsp; &nbsp; &nbsp; &nbsp; &nbsp; &nbsp; &nbsp; &nbsp; &nbsp; &nbsp; &nbsp; &nbsp; &nbsp; &nbsp; &nbsp; &nbsp; &nbsp; &nbsp; &nbsp; &nbsp; &nbsp; &nbsp; &nbsp; &nbsp;&nbsp;</font></div><div><font size="2"  >-----------------------------------------------------------------------------------------------------------------------------------</font></div><div><font size="2"  >&nbsp;Index Scan using idx_info_test_username on info_test &nbsp;(cost=0.00..4.69 rows=2 width=17) (actual time=0.014..0.023 rows=2 loops=1)</font></div><div><font size="2"  >&nbsp; &nbsp;Index Cond: (username = ANY ('{digoal1,digoal1000}'::text[]))</font></div><div><font size="2"  >&nbsp;Total runtime: 0.043 ms</font></div><div><font size="2"  >(3 rows)</font></div><p></p></pre></div><div>那么关闭indexscan会走什么执行计划呢, 从结果上看它走了bitmap scan 。</div><div><pre class="prettyprint"  ><p></p><div><div><font size="2"  >digoal=# set enable_indexscan=off;</font></div><div><font size="2"  >SET</font></div><div><font size="2"  >digoal=# explain analyze select * from info_test where username in ('digoal1','digoal1000');</font></div><div><font size="2"  >&nbsp; &nbsp; &nbsp; &nbsp; &nbsp; &nbsp; &nbsp; &nbsp; &nbsp; &nbsp; &nbsp; &nbsp; &nbsp; &nbsp; &nbsp; &nbsp; &nbsp; &nbsp; &nbsp; &nbsp; &nbsp; &nbsp; &nbsp; &nbsp; &nbsp; &nbsp; &nbsp; &nbsp; &nbsp; QUERY PLAN &nbsp; &nbsp; &nbsp; &nbsp; &nbsp; &nbsp; &nbsp; &nbsp; &nbsp; &nbsp; &nbsp; &nbsp; &nbsp; &nbsp; &nbsp; &nbsp; &nbsp; &nbsp; &nbsp; &nbsp; &nbsp; &nbsp; &nbsp; &nbsp; &nbsp; &nbsp; &nbsp; &nbsp; &nbsp;&nbsp;</font></div><div><font size="2"  >-------------------------------------------------------------------------------------------------------------------------------</font></div><div><font size="2"  >&nbsp;Bitmap Heap Scan on info_test &nbsp;(cost=2.82..4.87 rows=2 width=17) (actual time=0.054..0.059 rows=2 loops=1)</font></div><div><font size="2"  >&nbsp; &nbsp;Recheck Cond: (username = ANY ('{digoal1,digoal1000}'::text[]))</font></div><div><font size="2"  >&nbsp; &nbsp;-&gt; &nbsp;Bitmap Index Scan on idx_info_test_username &nbsp;(cost=0.00..2.82 rows=2 width=0) (actual time=0.042..0.042 rows=2 loops=1)</font></div><div><font size="2"  >&nbsp; &nbsp; &nbsp; &nbsp; &nbsp;Index Cond: (username = ANY ('{digoal1,digoal1000}'::text[]))</font></div><div><font size="2"  >&nbsp;Total runtime: 0.098 ms</font></div><div><font size="2"  >(5 rows)</font></div></div><div><font size="2"  ><br></font></div><div><div><font size="2"  >digoal=# explain analyze select * from info_test where username = any (ARRAY['digoal1','digoal1000']);</font></div><div><font size="2"  >&nbsp; &nbsp; &nbsp; &nbsp; &nbsp; &nbsp; &nbsp; &nbsp; &nbsp; &nbsp; &nbsp; &nbsp; &nbsp; &nbsp; &nbsp; &nbsp; &nbsp; &nbsp; &nbsp; &nbsp; &nbsp; &nbsp; &nbsp; &nbsp; &nbsp; &nbsp; &nbsp; &nbsp; &nbsp; QUERY PLAN &nbsp; &nbsp; &nbsp; &nbsp; &nbsp; &nbsp; &nbsp; &nbsp; &nbsp; &nbsp; &nbsp; &nbsp; &nbsp; &nbsp; &nbsp; &nbsp; &nbsp; &nbsp; &nbsp; &nbsp; &nbsp; &nbsp; &nbsp; &nbsp; &nbsp; &nbsp; &nbsp; &nbsp; &nbsp;&nbsp;</font></div><div><font size="2"  >-------------------------------------------------------------------------------------------------------------------------------</font></div><div><font size="2"  >&nbsp;Bitmap Heap Scan on info_test &nbsp;(cost=2.82..4.87 rows=2 width=17) (actual time=0.024..0.027 rows=2 loops=1)</font></div><div><font size="2"  >&nbsp; &nbsp;Recheck Cond: (username = ANY ('{digoal1,digoal1000}'::text[]))</font></div><div><font size="2"  >&nbsp; &nbsp;-&gt; &nbsp;Bitmap Index Scan on idx_info_test_username &nbsp;(cost=0.00..2.82 rows=2 width=0) (actual time=0.019..0.019 rows=2 loops=1)</font></div><div><font size="2"  >&nbsp; &nbsp; &nbsp; &nbsp; &nbsp;Index Cond: (username = ANY ('{digoal1,digoal1000}'::text[]))</font></div><div><font size="2"  >&nbsp;Total runtime: 0.052 ms</font></div><div><font size="2"  >(5 rows)</font></div></div><p></p></pre></div><div><br></div><div>因此PostgreSQL 9.2对待in和=any的查询条件多了一个执行计划的选择, index &nbsp;scan 。</div></div>
	</div>
</div>
</body>
</html>