<html>
<head>
<meta http-equiv="Content-Type" content="text/html;charset=gbk">
<title>PostgreSQL research</title>
<style type="text/css">
.blogcnt{line-height:160%;font-size:14px;text-align:left;word-wrap:break-word;}
.blogcnt *{line-height:160%;}
.blogcnt p{margin:0 0 10px;}
.blogcnt ul,.nbw-blog ol{margin:5px 0 5px 40px;padding:0}
.blogcnt em{font-style:italic;}
.blogcnt blockquote{font-size:1em;margin:auto 0 auto 35px;}
.blogcnt img{border:0;max-width:100%;}
</style>
</head>
<body style="color:#444444;">
<h1 id="blog-Title"><a href="index.html">PostgreSQL research</a></h1>
<div id="" style="padding:0 20px;">
	<h2 id="">PostgreSQL 9.2 improve the planner's ability to use nested loops with inner index scans</h2>
	<h5 id="">2012-05-21 16:27:14&nbsp;&nbsp;&nbsp;<a href="http://blog.163.com/digoal@126/blog/static/163877040201242133257798/" target="_blank">查看原文&gt;&gt;</a></h5>
	<div class="" id="" style="padding:0 20px;">
		<div class="blogcnt" style="width:800px;"><div>PostgreSQL 9.2 beta1 release notes中指出</div><div>Improve the planner's ability to use nested loops with inner index scans.</div><div>到目前为止我还不是特别肯定这句话到底是不是要说PostgreSQL 9.2 支持index only scan了, 因此inner index scan可以满足nested loop场景的需求, 否则不仅仅扫描index , 还要扫描heap tuple.</div><div><span style="line-height: 22px;"  >怎么解释呢? 来看一个例子 :&nbsp;</span></div><div><pre class="prettyprint"  ><p></p><div><font size="2"  >test=&gt; explain analyze select t2.* from t2 join t1 on (t1.id=t2.id) where t2.info in (select 'digoal'||generate_series(100,2000));</font></div><div><font size="2"  >&nbsp; &nbsp; &nbsp; &nbsp; &nbsp; &nbsp; &nbsp; &nbsp; &nbsp; &nbsp; &nbsp; &nbsp; &nbsp; &nbsp; &nbsp; &nbsp; &nbsp; &nbsp; &nbsp; &nbsp; &nbsp; &nbsp; &nbsp; &nbsp; &nbsp; &nbsp; &nbsp; &nbsp; &nbsp; &nbsp;QUERY PLAN &nbsp; &nbsp; &nbsp; &nbsp; &nbsp; &nbsp; &nbsp; &nbsp; &nbsp; &nbsp; &nbsp; &nbsp; &nbsp; &nbsp; &nbsp; &nbsp; &nbsp; &nbsp; &nbsp; &nbsp; &nbsp; &nbsp; &nbsp; &nbsp; &nbsp; &nbsp; &nbsp; &nbsp; &nbsp;&nbsp;</font></div><div><font size="2"  >--------------------------------------------------------------------------------------------------------------------------------</font></div><div><font size="2"  >&nbsp;Nested Loop &nbsp;(cost=0.03..5.94 rows=1 width=17) (actual time=1.260..36.725 rows=1901 loops=1)</font></div><div><font size="2"  >&nbsp; &nbsp;-&gt; &nbsp;Nested Loop &nbsp;(cost=0.03..5.09 rows=1 width=17) (actual time=1.250..29.892 rows=1901 loops=1)</font></div><div><font size="2"  >&nbsp; &nbsp; &nbsp; &nbsp; &nbsp;-&gt; &nbsp;HashAggregate &nbsp;(cost=0.03..0.04 rows=1 width=32) (actual time=1.187..1.892 rows=1901 loops=1)</font></div><div><font size="2"  >&nbsp; &nbsp; &nbsp; &nbsp; &nbsp; &nbsp; &nbsp; &nbsp;-&gt; &nbsp;Result &nbsp;(cost=0.00..0.02 rows=1 width=0) (actual time=0.042..0.607 rows=1901 loops=1)</font></div><div><font size="2"  >&nbsp; &nbsp; &nbsp; &nbsp; &nbsp;-&gt; &nbsp;Index Scan using idx_t2_info on t2 &nbsp;(cost=0.00..5.04 rows=1 width=17) (actual time=0.014..0.014 rows=1 loops=1901)</font></div><div><font size="2"  >&nbsp; &nbsp; &nbsp; &nbsp; &nbsp; &nbsp; &nbsp; &nbsp;Index Cond: (info = (('digoal'::text || (generate_series(100, 2000))::text)))</font></div><div><font size="2"  >&nbsp; &nbsp;-&gt; &nbsp;Index Scan using idx_t1_id on t1 &nbsp;(cost=0.00..0.83 rows=1 width=4) (actual time=0.003..0.003 rows=1 loops=1901)</font></div><div><font size="2"  >&nbsp; &nbsp; &nbsp; &nbsp; &nbsp;Index Cond: (id = t2.id)</font></div><div><font size="2"  >&nbsp;Total runtime: 41.824 ms</font></div><div><font size="2"  >(9 rows)</font></div><p></p></pre></div><div><span style="line-height: 22px;"  >上面这个例子, 输出列只包含了t2表的列, 并且在过滤条件中t1表只有id这个列出现了. 因此在这个执行计划中, 从始至终都不需要检索t1表的id以外的其他列, 所以在嵌套循环中使用的idx_t1_id索引在扫描时允许发生index only scan. 这是否就是9.2所说的inner index scan呢?</span></div><div><span style="line-height: 22px;"  ><br></span></div><div><span style="line-height: 22px;"  >而在其他版本的PostgreSQL中nested loop join</span><span style="line-height: 22px;"  >也是支持index scan的(注意不是inner index scan).</span> </div><div><span style="line-height: 22px;"  >例如</span></div><div><span style="line-height: 22px;"  >PostgreSQL 9.1 :&nbsp;</span></div><div><div><pre class="prettyprint"  ><p></p><div><font size="2"  >pgdba2000@db-172-16-3-33-&gt; psql test test</font></div><div><font size="2"  >psql (9.1.3)</font></div><div><font size="2"  >Type "help" for help.</font></div><div><div><font size="2"  >test=&gt; create table t1 (id int,info text);</font></div><div><font size="2"  >CREATE TABLE</font></div></div><div><div><font size="2"  >test=&gt; create table t2 (id int,info text);</font></div><div><font size="2"  >CREATE TABLE</font></div></div><div><div><font size="2"  >test=&gt; insert into t1 select generate_series(1,10000000),'digoal'||generate_series(1,10000000);</font></div><div><font size="2"  >INSERT 0 10000000</font></div></div><div><div><font size="2"  >test=&gt; insert into t2 select generate_series(1,10000000),'digoal'||generate_series(1,10000000);</font></div><div><font size="2"  >INSERT 0 10000000</font></div></div><div><div><font size="2"  >test=&gt; create index idx_t1_id on t1(id);</font></div><div><font size="2"  >CREATE INDEX</font></div><div><font size="2"  >test=&gt; create index idx_t2_id on t2(id);</font></div><div><font size="2"  >CREATE INDEX</font></div></div><div><div><font size="2"  >test=&gt; &nbsp;analyze t1;</font></div><div><font size="2"  >ANALYZE</font></div><div><font size="2"  >test=&gt; &nbsp;analyze t2;</font></div><div><font size="2"  >ANALYZE</font></div></div><div><div><font size="2"  >test=&gt; explain select * from t2 join t1 on (t1.id=t2.id) where t2.id between 10000 and 20000;</font></div><div><font size="2"  >&nbsp; &nbsp; &nbsp; &nbsp; &nbsp; &nbsp; &nbsp; &nbsp; &nbsp; &nbsp; &nbsp; &nbsp; &nbsp; &nbsp; &nbsp; &nbsp; &nbsp; &nbsp;QUERY PLAN &nbsp; &nbsp; &nbsp; &nbsp; &nbsp; &nbsp; &nbsp; &nbsp; &nbsp; &nbsp; &nbsp; &nbsp; &nbsp; &nbsp; &nbsp; &nbsp; &nbsp;&nbsp;</font></div><div><font size="2"  >--------------------------------------------------------------------------------</font></div><div><font size="2"  >&nbsp;Nested Loop &nbsp;(cost=0.00..41432.17 rows=9347 width=34)</font></div><div><font size="2"  >&nbsp; &nbsp;-&gt; &nbsp;Index Scan using idx_t2_id on t2 &nbsp;(cost=0.00..300.74 rows=9347 width=17)</font></div><div><font size="2"  >&nbsp; &nbsp; &nbsp; &nbsp; &nbsp;Index Cond: ((id &gt;= 10000) AND (id &lt;= 20000))</font></div><div><font size="2"  >&nbsp; &nbsp;-&gt; &nbsp;Index Scan using idx_t1_id on t1 &nbsp;(cost=0.00..4.39 rows=1 width=17)</font></div><div><font size="2"  >&nbsp; &nbsp; &nbsp; &nbsp; &nbsp;Index Cond: (id = t2.id)</font></div><div><font size="2"  >(5 rows)</font></div></div><p></p></pre></div><div style="line-height: 22px;"  ><br></div></div><div><span style="line-height: 22px;"  >PostgreSQL 9.2 :&nbsp;</span></div><div><pre class="prettyprint"  ><p></p><div><font size="2"  >pg92@db-172-16-3-150-&gt; psql digoal postgres</font></div><div><font size="2"  >psql (9.2beta1)</font></div><div><font size="2"  >Type "help" for help.</font></div><div><font size="2"  >digoal=# create table t1 (id int,info text) ;</font></div><div><font size="2"  >CREATE TABLE</font></div><div><font size="2"  >digoal=# create table t2 (id int,info text) ;</font></div><div><font size="2"  >CREATE TABLE</font></div><div><font size="2"  >digoal=# insert into t1 select generate_series(1,10000000),'digoal'||generate_series(1,10000000);</font></div><div><font size="2"  >INSERT 0 10000000</font></div><div><font size="2"  >digoal=# insert into t2 select generate_series(1,10000000),'digoal'||generate_series(1,10000000);</font></div><div><font size="2"  >INSERT 0 10000000</font></div><div><font size="2"  >digoal=# create index idx_t1_id on t1 (id);</font></div><div><font size="2"  >CREATE INDEX</font></div><div><div style="line-height: 22px;"  ><font size="2"  >digoal=# create index idx_t2_id on t2 (id);</font></div><div style="line-height: 22px;"  ><font size="2"  >CREATE INDEX</font></div></div><div><font size="2"  >digoal=# analyze t1;</font></div><div><font size="2"  >ANALYZE</font></div><div><font size="2"  >digoal=# analyze t2;</font></div><div><font size="2"  >ANALYZE</font></div><div><div><font size="2"  >digoal=# explain select * from t2 join t1 on (t1.id=t2.id) where t2.id between 10000 and 20000;</font></div><div><font size="2"  >&nbsp; &nbsp; &nbsp; &nbsp; &nbsp; &nbsp; &nbsp; &nbsp; &nbsp; &nbsp; &nbsp; &nbsp; &nbsp; &nbsp; &nbsp; &nbsp; &nbsp; &nbsp;QUERY PLAN &nbsp; &nbsp; &nbsp; &nbsp; &nbsp; &nbsp; &nbsp; &nbsp; &nbsp; &nbsp; &nbsp; &nbsp; &nbsp; &nbsp; &nbsp; &nbsp; &nbsp;&nbsp;</font></div><div><font size="2"  >--------------------------------------------------------------------------------</font></div><div><font size="2"  >&nbsp;Nested Loop &nbsp;(cost=0.00..43968.06 rows=9567 width=34)</font></div><div><font size="2"  >&nbsp; &nbsp;-&gt; &nbsp;Index Scan using idx_t2_id on t2 &nbsp;(cost=0.00..252.18 rows=9567 width=17)</font></div><div><font size="2"  >&nbsp; &nbsp; &nbsp; &nbsp; &nbsp;Index Cond: ((id &gt;= 10000) AND (id &lt;= 20000))</font></div><div><font size="2"  >&nbsp; &nbsp;-&gt; &nbsp;Index Scan using idx_t1_id on t1 &nbsp;(cost=0.00..4.56 rows=1 width=17)</font></div><div><font size="2"  >&nbsp; &nbsp; &nbsp; &nbsp; &nbsp;Index Cond: (id = t2.id)</font></div><div><font size="2"  >(5 rows)</font></div></div><p></p></pre></div><div><span style="line-height: 22px;"  >从执行计划上看9.1和9.2并没有差别.</span></div><div><span style="line-height: 22px;"  >接下来针对PostgreSQL支持的几种join方法简单的介绍一下.</span></div><div><span style="line-height: 22px;"  >原文 :&nbsp;</span></div><div><pre class="prettyprint"  ><p></p><div><font size="2"  >If the query requires joining two or more relations, plans for joining relations are considered after all feasible plans have been found for scanning single relations. The three available join strategies are:</font></div><div><font size="2"  ><br></font></div><div><font size="2"  >nested loop join: The right relation is scanned once for every row found in the left relation. This strategy is easy to implement but can be very time consuming. (However, if the right relation can be scanned with an index scan, this can be a good strategy. It is possible to use values from the current row of the left relation as keys for the index scan of the right.)</font></div><div><font size="2"  ><br></font></div><div><font size="2"  >merge join: Each relation is sorted on the join attributes before the join starts. Then the two relations are scanned in parallel, and matching rows are combined to form join rows. This kind of join is more attractive because each relation has to be scanned only once. The required sorting might be achieved either by an explicit sort step, or by scanning the relation in the proper order using an index on the join key.</font></div><div><font size="2"  ><br></font></div><div><font size="2"  >hash join: the right relation is first scanned and loaded into a hash table, using its join attributes as hash keys. Next the left relation is scanned and the appropriate values of every row found are used as hash keys to locate the matching rows in the table.</font></div><p></p></pre></div><div><br></div><div>接下来分别测试讲解 :&nbsp;</div><div><span style="line-height: 22px;"  >一、nested loop join:</span> </div><div><div><pre class="prettyprint"  ><p></p><div><font size="2"  >digoal=# explain select * from t2 join t1 on (t1.id=t2.id) where t2.info='digoal';</font></div><div><font size="2"  >&nbsp; &nbsp; &nbsp; &nbsp; &nbsp; &nbsp; &nbsp; &nbsp; &nbsp; &nbsp; &nbsp; &nbsp; &nbsp; &nbsp; &nbsp; &nbsp; QUERY PLAN &nbsp; &nbsp; &nbsp; &nbsp; &nbsp; &nbsp; &nbsp; &nbsp; &nbsp; &nbsp; &nbsp; &nbsp; &nbsp; &nbsp; &nbsp; &nbsp;&nbsp;</font></div><div><font size="2"  >---------------------------------------------------------------------------</font></div><div><font size="2"  >&nbsp;Nested Loop &nbsp;(cost=0.00..229697.53 rows=1 width=34)</font></div><div><font size="2"  >&nbsp; &nbsp;-&gt; &nbsp;Seq Scan on t2 &nbsp;(cost=0.00..229692.74 rows=1 width=17)</font></div><div><font size="2"  >&nbsp; &nbsp; &nbsp; &nbsp; &nbsp;Filter: (info = 'digoal'::text)</font></div><div><font size="2"  >&nbsp; &nbsp;-&gt; &nbsp;Index Scan using idx_t1_id on t1 &nbsp;(cost=0.00..4.78 rows=1 width=17)</font></div><div><font size="2"  >&nbsp; &nbsp; &nbsp; &nbsp; &nbsp;Index Cond: (id = t2.id)</font></div><div><font size="2"  >(5 rows)</font></div><p></p></pre></div><div style="line-height: 22px;"  ><span style="line-height: 22px;"  >Nested Loop</span><span style="line-height: 22px;"  >&nbsp;</span><span style="line-height: 22px;"  >过程 :&nbsp;</span></div><div style="line-height: 22px;"  >1.&nbsp;<span style="line-height: 22px;"  >t2表进行扫描, 过滤条件info = 'digoal'.</span></div><div style="line-height: 22px;"  >2. t2表根据过滤条件输出的中间结果, 每一条中间结果, t1表都根据索引idx_t1_id扫一遍, 过滤条件id= t2.id.</div><div style="line-height: 22px;"  ><br></div></div><div><span style="line-height: 22px;"  >二、merge join:</span> </div><div><div><pre class="prettyprint"  ><p></p><div style="line-height: 22px;"  ><font size="2"  >digoal=# explain select * from t2 join t1 on (t1.id=t2.id) ;</font></div><div style="line-height: 22px;"  ><font size="2"  >&nbsp; &nbsp; &nbsp; &nbsp; &nbsp; &nbsp; &nbsp; &nbsp; &nbsp; &nbsp; &nbsp; &nbsp; &nbsp; &nbsp; &nbsp; &nbsp; &nbsp; &nbsp; &nbsp; QUERY PLAN &nbsp; &nbsp; &nbsp; &nbsp; &nbsp; &nbsp; &nbsp; &nbsp; &nbsp; &nbsp; &nbsp; &nbsp; &nbsp; &nbsp; &nbsp; &nbsp; &nbsp; &nbsp; &nbsp;&nbsp;</font></div><div style="line-height: 22px;"  ><font size="2"  >---------------------------------------------------------------------------------------</font></div><div style="line-height: 22px;"  ><font size="2"  >&nbsp;Merge Join &nbsp;(cost=11.00..616234.57 rows=9999682 width=34)</font></div><div style="line-height: 22px;"  ><font size="2"  >&nbsp; &nbsp;Merge Cond: (t2.id = t1.id)</font></div><div style="line-height: 22px;"  ><font size="2"  >&nbsp; &nbsp;-&gt; &nbsp;Index Scan using idx_t2_id on t2 &nbsp;(cost=0.00..255616.56 rows=9999682 width=17)</font></div><div style="line-height: 22px;"  ><font size="2"  >&nbsp; &nbsp;-&gt; &nbsp;Index Scan using idx_t1_id on t1 &nbsp;(cost=0.00..255621.77 rows=10000198 width=17)</font></div><div style="line-height: 22px;"  ><font size="2"  >(4 rows)</font></div><p></p></pre></div><div style="line-height: 22px;"  ><span style="line-height: 22px;"  >Merge Join 过程 :&nbsp;</span></div><div style="line-height: 22px;"  ><span style="line-height: 22px;"  >1. 注意merge join需要两个JOIN的表的KEY都是先排好顺序的. 这里用到了两个索引, 所以没有排序过程.</span></div><div style="line-height: 22px;"  ><span style="line-height: 22px;"  >2. merge join的好处是两个表都只扫描一次. 而nested loop的话其中一个表扫描一次, 另一个表则循环多次.</span></div><div style="line-height: 22px;"  ><span style="line-height: 22px;"  >接下来看看如果没有索引的话, merge join是需要事先排序的.</span></div><div><div><pre class="prettyprint"  ><p></p><div style="line-height: 22px;"  ><font size="2"  >digoal=# set enable_hashjoin=off;</font></div><div style="line-height: 22px;"  ><font size="2"  >SET</font></div><div style="line-height: 22px;"  ><font size="2"  >digoal=# explain select * from t2 join t1 on (t1.info=t2.info) ;</font></div><div style="line-height: 22px;"  ><font size="2"  >&nbsp; &nbsp; &nbsp; &nbsp; &nbsp; &nbsp; &nbsp; &nbsp; &nbsp; &nbsp; &nbsp; &nbsp; &nbsp; &nbsp; &nbsp; &nbsp; &nbsp; &nbsp;QUERY PLAN &nbsp; &nbsp; &nbsp; &nbsp; &nbsp; &nbsp; &nbsp; &nbsp; &nbsp; &nbsp; &nbsp; &nbsp; &nbsp; &nbsp; &nbsp; &nbsp; &nbsp;&nbsp;</font></div><div style="line-height: 22px;"  ><font size="2"  >--------------------------------------------------------------------------------</font></div><div style="line-height: 22px;"  ><font size="2"  >&nbsp;Merge Join &nbsp;(cost=2327542.28..2440038.97 rows=9999682 width=34)</font></div><div style="line-height: 22px;"  ><font size="2"  >&nbsp; &nbsp;Merge Cond: (t1.info = t2.info)</font></div><div style="line-height: 22px;"  ><font size="2"  >&nbsp; &nbsp;-&gt; &nbsp;Sort &nbsp;(cost=1163797.91..1166297.96 rows=10000198 width=17)</font></div><div style="line-height: 22px;"  ><font size="2"  >&nbsp; &nbsp; &nbsp; &nbsp; &nbsp;Sort Key: t1.info</font></div><div style="line-height: 22px;"  ><font size="2"  >&nbsp; &nbsp; &nbsp; &nbsp; &nbsp;-&gt; &nbsp;Seq Scan on t1 &nbsp;(cost=0.00..227197.98 rows=10000198 width=17)</font></div><div style="line-height: 22px;"  ><font size="2"  >&nbsp; &nbsp;-&gt; &nbsp;Materialize &nbsp;(cost=1163744.38..1168744.22 rows=9999682 width=17)</font></div><div style="line-height: 22px;"  ><font size="2"  >&nbsp; &nbsp; &nbsp; &nbsp; &nbsp;-&gt; &nbsp;Sort &nbsp;(cost=1163744.38..1166244.30 rows=9999682 width=17)</font></div><div style="line-height: 22px;"  ><font size="2"  >&nbsp; &nbsp; &nbsp; &nbsp; &nbsp; &nbsp; &nbsp; &nbsp;Sort Key: t2.info</font></div><div style="line-height: 22px;"  ><font size="2"  >&nbsp; &nbsp; &nbsp; &nbsp; &nbsp; &nbsp; &nbsp; &nbsp;-&gt; &nbsp;Seq Scan on t2 &nbsp;(cost=0.00..227192.82 rows=9999682 width=17)</font></div><div style="line-height: 22px;"  ><font size="2"  >(9 rows)</font></div><p></p></pre></div><div style="line-height: 22px;"  >可以看出两个表JOIN的KEY是info列, 这个列上没有索引, 所以先两个表都全表扫描, 然后按照info排序, 然后是merge join.</div><div style="line-height: 22px;"  ><br></div><div style="line-height: 22px;"  ><span style="line-height: 22px;"  >三、hash join</span> </div><div><pre class="prettyprint"  ><p></p><div><font size="2"  >digoal=# explain select * from t1 join t2 on (t1.info=t2.info) where t2.id between 1 and 1000;</font></div><div><font size="2"  >&nbsp; &nbsp; &nbsp; &nbsp; &nbsp; &nbsp; &nbsp; &nbsp; &nbsp; &nbsp; &nbsp; &nbsp; &nbsp; &nbsp; &nbsp; &nbsp; &nbsp; &nbsp; &nbsp;QUERY PLAN &nbsp; &nbsp; &nbsp; &nbsp; &nbsp; &nbsp; &nbsp; &nbsp; &nbsp; &nbsp; &nbsp; &nbsp; &nbsp; &nbsp; &nbsp; &nbsp; &nbsp; &nbsp;&nbsp;</font></div><div><font size="2"  >------------------------------------------------------------------------------------</font></div><div><font size="2"  >&nbsp;Hash Join &nbsp;(cost=38.70..230996.31 rows=956 width=34)</font></div><div><font size="2"  >&nbsp; &nbsp;Hash Cond: (t1.info = t2.info)</font></div><div><font size="2"  >&nbsp; &nbsp;-&gt; &nbsp;Seq Scan on t1 &nbsp;(cost=0.00..227197.98 rows=10000198 width=17)</font></div><div><font size="2"  >&nbsp; &nbsp;-&gt; &nbsp;Hash &nbsp;(cost=28.90..28.90 rows=956 width=17)</font></div><div><font size="2"  >&nbsp; &nbsp; &nbsp; &nbsp; &nbsp;-&gt; &nbsp;Index Scan using idx_t2_id on t2 &nbsp;(cost=0.00..28.90 rows=956 width=17)</font></div><div><font size="2"  >&nbsp; &nbsp; &nbsp; &nbsp; &nbsp; &nbsp; &nbsp; &nbsp;Index Cond: ((id &gt;= 1) AND (id &lt;= 1000))</font></div><div><font size="2"  >(6 rows)</font></div><p></p></pre></div></div></div><div><span style="line-height: 22px;"  >Hash Join 过程 :&nbsp;</span> </div><div><span style="line-height: 22px;"  >1. &nbsp;首先扫描t2表, 过滤条件是</span><span style="line-height: 22px;"  >t2.id between 1 and 1000, 这里由于t2上id有索引, 所以是走的index scan, 扫描后的结果放到一个Hash表中. Hash key就是两个表关联的列, 这里也就是id列.</span></div><div><span style="line-height: 22px;"  >2. &nbsp;然后扫描t1表, 扫描到的ID列的值用于去匹配Hash表的KEY值, 匹配到则输出.</span></div><div><br></div><div>hash join和merge join被关联的两个表都只扫描一次, nested loop join则被关联的表其中一个扫描一次, (如果前一个表的扫描结果有多行输出)另一个扫描多次.</div><div><br></div>【参考】<div><a rel="nofollow" href="http://www.postgresql.org/docs/devel/static/planner-optimizer.html"  >http://www.postgresql.org/docs/devel/static/planner-optimizer.html</a> </div><div><br></div><div><br><br><wbr></div></div>
	</div>
	<h3>评论</h3>
	<div class="" id="" style="padding:0 20px;">
			<div id="">
				<h5 id="">Spongcer - 2012-09-18 11:23:41</h5>
				<div>对索引扫描的阐述非常不过，Index Only Scan确实比Index Scan要好一些，但是仅仅局限于某种特殊的情况，不能够普遍适用。<br><br>但是标题所涉及到的东东是讲解的Parameterized Paths的事情，与本文所写好像很少有关联，详见：.\postgresql-9.2rc1\src\backend\optimizer\README中关于Parameterized Paths的解释</div>
			</div>
	</div>
</div>
</body>
</html>