<html>
<head>
<meta http-equiv="Content-Type" content="text/html;charset=gbk">
<title>PostgreSQL research</title>
<style type="text/css">
.blogcnt{line-height:160%;font-size:14px;text-align:left;word-wrap:break-word;}
.blogcnt *{line-height:160%;}
.blogcnt p{margin:0 0 10px;}
.blogcnt ul,.nbw-blog ol{margin:5px 0 5px 40px;padding:0}
.blogcnt em{font-style:italic;}
.blogcnt blockquote{font-size:1em;margin:auto 0 auto 35px;}
.blogcnt img{border:0;max-width:100%;}
</style>
</head>
<body style="color:#444444;">
<h1 id="blog-Title"><a href="index.html">PostgreSQL research</a></h1>
<div id="" style="padding:0 20px;">
	<h2 id="">PostgreSQL 9.4 pending patch : effective enable_material = off in mergejoin</h2>
	<h5 id="">2013-09-04 14:29:25&nbsp;&nbsp;&nbsp;<a href="http://blog.163.com/digoal@126/blog/static/16387704020138421852443/" target="_blank">查看原文&gt;&gt;</a></h5>
	<div class="" id="" style="padding:0 20px;">
		<div class="blogcnt" style="width:800px;"><div><div><pre class="prettyprint"   ><p></p><div><font size="2"   >I recently could not shift a plan off of using a materialize, to see</font></div><div><font size="2"   >what other options were out there, by setting enable_material to off.</font></div><div><font size="2"   ><br></font></div><div><font size="2"   >From src/backend/optimizer/path/costsize.c:</font></div><div><font size="2"   ><br></font></div><div><font size="2"   ><br></font></div><div><font size="2"   >&nbsp; &nbsp; &nbsp;* We don't test the value of enable_material here, because</font></div><div><font size="2"   >&nbsp; &nbsp; &nbsp;* materialization is required for correctness in this case, and turning</font></div><div><font size="2"   >&nbsp; &nbsp; &nbsp;* it off does not entitle us to deliver an invalid plan.</font></div><div><font size="2"   ><br></font></div><div><font size="2"   >True, but I don't think that the materialization being necessary for</font></div><div><font size="2"   >correctness entitles us to ignore enable_material=off. &nbsp;If we need to</font></div><div><font size="2"   >return a plan with materialization in order for this plan to be</font></div><div><font size="2"   >correct, it should be punished like all other violations of enable_*</font></div><div><font size="2"   >are punished.</font></div><div><font size="2"   ><br></font></div><div><font size="2"   >The attached patch does that.</font></div><div><font size="2"   ><br></font></div><div><font size="2"   >Having done this, I wonder if the line here should also be changed to</font></div><div><font size="2"   >remove the enable_material test:</font></div><div><font size="2"   ><br></font></div><div><font size="2"   >&nbsp; &nbsp; if (enable_material &amp;&amp; mat_inner_cost &lt; bare_inner_cost)</font></div><div><font size="2"   ><br></font></div><div><font size="2"   >If the disable_cost is not enough to make the "mat_inner_cost &lt;</font></div><div><font size="2"   >bare_inner_cost" to be false, then I don't see that we need a special</font></div><div><font size="2"   >case to prevent use of the materialize anyway, as most other enable_*</font></div><div><font size="2"   >implementations do not get one--they rely solely on disable_cost.</font></div><div><font size="2"   >However, out of conservatism, I have not made the change of removing</font></div><div><font size="2"   >this.</font></div><p></p></pre></div><div>该补丁修改了final_cost_mergejoin函数 . 未使用该补丁前, mergejoin里面如果使用了material, 那么参数enable_material不起作用.</div><div><pre class="prettyprint"   ><p></p><div><font size="2"   >/*</font></div><div><font size="2"   >&nbsp;* final_cost_mergejoin</font></div><div><font size="2"   >&nbsp;* &nbsp; &nbsp; &nbsp; &nbsp;Final estimate of the cost and result size of a mergejoin path.</font></div><div><font size="2"   >&nbsp;*</font></div><div><font size="2"   >&nbsp;* Unlike other costsize functions, this routine makes one actual decision:</font></div><div><font size="2"   >&nbsp;* whether we should materialize the inner path. &nbsp;We do that either because</font></div><div><font size="2"   >&nbsp;* the inner path can't support mark/restore, or because it's cheaper to</font></div><div><font size="2"   >&nbsp;* use an interposed Material node to handle mark/restore. &nbsp; &nbsp; &nbsp;When the decision</font></div><div><font size="2"   >&nbsp;* is cost-based it would be logically cleaner to build and cost two separate</font></div><div><font size="2"   >&nbsp;* paths with and without that flag set; but that would require repeating most</font></div><div><font size="2"   >&nbsp;* of the cost calculations, which are not all that cheap. &nbsp; &nbsp; &nbsp;Since the choice</font></div><div><font size="2"   >&nbsp;* will not affect output pathkeys or startup cost, only total cost, there is</font></div><div><font size="2"   >&nbsp;* no possibility of wanting to keep both paths. &nbsp;So it seems best to make</font></div><div><font size="2"   >&nbsp;* the decision here and record it in the path's materialize_inner field.</font></div><div><font size="2"   >&nbsp;*</font></div><div><font size="2"   >&nbsp;* 'path' is already filled in except for the rows and cost fields and</font></div><div><font size="2"   >&nbsp;* &nbsp; &nbsp; &nbsp; &nbsp; &nbsp; &nbsp; &nbsp;materialize_inner</font></div><div><font size="2"   >&nbsp;* 'workspace' is the result from initial_cost_mergejoin</font></div><div><font size="2"   >&nbsp;* 'sjinfo' is extra info about the join for selectivity estimation</font></div><div><font size="2"   >&nbsp;*/</font></div><div><font size="2"   >void</font></div><div><font size="2"   >final_cost_mergejoin(PlannerInfo *root, MergePath *path,</font></div><div><font size="2"   >&nbsp; &nbsp; &nbsp; &nbsp; &nbsp; &nbsp; &nbsp; &nbsp; &nbsp; &nbsp; &nbsp; &nbsp; &nbsp; &nbsp; &nbsp; &nbsp; &nbsp; &nbsp; &nbsp; &nbsp; &nbsp;JoinCostWorkspace *workspace,</font></div><div><font size="2"   >&nbsp; &nbsp; &nbsp; &nbsp; &nbsp; &nbsp; &nbsp; &nbsp; &nbsp; &nbsp; &nbsp; &nbsp; &nbsp; &nbsp; &nbsp; &nbsp; &nbsp; &nbsp; &nbsp; &nbsp; &nbsp;SpecialJoinInfo *sjinfo)</font></div><p></p></pre></div><div>补丁 :&nbsp;</div><div><pre class="prettyprint"   ><p></p><div><font size="2"   >diff --git a/src/backend/optimizer/path/costsize.c b/src/backend/optimizer/path/costsize.c</font></div><div><font size="2"   >new file mode 100644</font></div><div><font size="2"   >index 0caac75..f98195e</font></div><div><font size="2"   >*** a/src/backend/optimizer/path/costsize.c</font></div><div><font size="2"   >--- b/src/backend/optimizer/path/costsize.c</font></div><div><font size="2"   >*************** final_cost_mergejoin(PlannerInfo *root,&nbsp;</font></div><div><font size="2"   >*** 2242,2247 ****</font></div><div><font size="2"   >--- 2242,2250 ----</font></div><div><font size="2"   >&nbsp; &nbsp; &nbsp; &nbsp; mat_inner_cost = inner_run_cost +</font></div><div><font size="2"   >&nbsp; &nbsp; &nbsp; &nbsp; &nbsp; &nbsp; &nbsp; &nbsp; cpu_operator_cost * inner_path_rows * rescanratio;</font></div><div><font size="2"   >&nbsp;&nbsp;</font></div><div><font size="2"   >+ &nbsp; &nbsp; &nbsp; if (!enable_material)</font></div><div><font size="2"   >+ &nbsp; &nbsp; &nbsp; &nbsp; &nbsp; &nbsp; &nbsp; mat_inner_cost += disable_cost;</font></div><div><font size="2"   >+&nbsp;</font></div><div><font size="2"   >&nbsp; &nbsp; &nbsp; &nbsp; /*</font></div><div><font size="2"   >&nbsp; &nbsp; &nbsp; &nbsp; &nbsp;* Prefer materializing if it looks cheaper, unless the user has asked to</font></div><div><font size="2"   >&nbsp; &nbsp; &nbsp; &nbsp; &nbsp;* suppress materialization.</font></div><p></p></pre></div><div><br></div><div>测试, 未打补丁, 以下merge join场景中enable_material不起作用.</div><div><pre class="prettyprint"   ><p></p><div><font size="2"   >digoal=# explain analyze select * from</font></div><div><font size="2"   >digoal-# &nbsp; &nbsp; ( select oid, * from pg_class order by oid) as c</font></div><div><font size="2"   >digoal-# &nbsp; &nbsp; join</font></div><div><font size="2"   >digoal-# &nbsp; &nbsp; ( select * from pg_attribute a order by attrelid) as a</font></div><div><font size="2"   >digoal-# &nbsp; &nbsp; on c.oid = a.attrelid;</font></div><div><font size="2"   >&nbsp; &nbsp; &nbsp; &nbsp; &nbsp; &nbsp; &nbsp; &nbsp; &nbsp; &nbsp; &nbsp; &nbsp; &nbsp; &nbsp; &nbsp; &nbsp; &nbsp; &nbsp; &nbsp; &nbsp; &nbsp; &nbsp; &nbsp; &nbsp; &nbsp; &nbsp; &nbsp; &nbsp; &nbsp; &nbsp; &nbsp; &nbsp; &nbsp; &nbsp; &nbsp; &nbsp; &nbsp; &nbsp; &nbsp; QUERY PLAN &nbsp; &nbsp; &nbsp; &nbsp; &nbsp; &nbsp; &nbsp; &nbsp; &nbsp; &nbsp; &nbsp; &nbsp; &nbsp; &nbsp; &nbsp; &nbsp; &nbsp; &nbsp; &nbsp; &nbsp; &nbsp; &nbsp;</font></div><div><font size="2"   >&nbsp; &nbsp; &nbsp; &nbsp; &nbsp; &nbsp; &nbsp; &nbsp; &nbsp; &nbsp; &nbsp; &nbsp; &nbsp; &nbsp; &nbsp; &nbsp; &nbsp;&nbsp;</font></div><div><font size="2"   >------------------------------------------------------------------------------------------------------------------------------------</font></div><div><font size="2"   >----------------------------------</font></div><div><font size="2"   >&nbsp;Merge Join &nbsp;(cost=0.55..173.70 rows=2405 width=406) (actual time=9.337..65.589 rows=2439 loops=1)</font></div><div><font size="2"   >&nbsp; &nbsp;Merge Cond: (pg_class.oid = a.attrelid)</font></div><div><font size="2"   >&nbsp; &nbsp;-&gt; &nbsp;Index Scan using pg_class_oid_index on pg_class &nbsp;(cost=0.27..17.92 rows=310 width=203) (actual time=0.018..0.512 rows=319 loo</font></div><div><font size="2"   >ps=1)</font></div><div><font size="2"   >&nbsp; &nbsp;-&gt; &nbsp;Materialize &nbsp;(cost=0.28..121.78 rows=2382 width=203) (actual time=9.309..62.875 rows=2439 loops=1)</font></div><div><font size="2"   >&nbsp; &nbsp; &nbsp; &nbsp; &nbsp;-&gt; &nbsp;Index Scan using pg_attribute_relid_attnum_index on pg_attribute a &nbsp;(cost=0.28..92.01 rows=2382 width=203) (actual time</font></div><div><font size="2"   >=9.301..62.075 rows=2439 loops=1)</font></div><div><font size="2"   >&nbsp;Total runtime: 70.746 ms</font></div><div><font size="2"   >(6 rows)</font></div><div><font size="2"   ><br></font></div><div><font size="2"   >digoal=# set enable_material=off;</font></div><div><font size="2"   >SET</font></div><div><font size="2"   >digoal=# explain analyze select * from</font></div><div><font size="2"   >&nbsp; &nbsp; ( select oid, * from pg_class order by oid) as c</font></div><div><font size="2"   >&nbsp; &nbsp; join</font></div><div><font size="2"   >&nbsp; &nbsp; ( select * from pg_attribute a order by attrelid) as a</font></div><div><font size="2"   >&nbsp; &nbsp; on c.oid = a.attrelid;</font></div><div><font size="2"   >&nbsp; &nbsp; &nbsp; &nbsp; &nbsp; &nbsp; &nbsp; &nbsp; &nbsp; &nbsp; &nbsp; &nbsp; &nbsp; &nbsp; &nbsp; &nbsp; &nbsp; &nbsp; &nbsp; &nbsp; &nbsp; &nbsp; &nbsp; &nbsp; &nbsp; &nbsp; &nbsp; &nbsp; &nbsp; &nbsp; &nbsp; &nbsp; &nbsp; &nbsp; &nbsp; &nbsp; &nbsp; &nbsp; &nbsp;QUERY PLAN &nbsp; &nbsp; &nbsp; &nbsp; &nbsp; &nbsp; &nbsp; &nbsp; &nbsp; &nbsp; &nbsp; &nbsp; &nbsp; &nbsp; &nbsp; &nbsp; &nbsp; &nbsp; &nbsp; &nbsp; &nbsp; &nbsp;&nbsp;</font></div><div><font size="2"   >&nbsp; &nbsp; &nbsp; &nbsp; &nbsp; &nbsp; &nbsp; &nbsp; &nbsp; &nbsp; &nbsp; &nbsp; &nbsp; &nbsp; &nbsp; &nbsp; &nbsp;</font></div><div><font size="2"   >------------------------------------------------------------------------------------------------------------------------------------</font></div><div><font size="2"   >---------------------------------</font></div><div><font size="2"   >&nbsp;Merge Join &nbsp;(cost=0.55..173.70 rows=2405 width=406) (actual time=0.063..4.282 rows=2439 loops=1)</font></div><div><font size="2"   >&nbsp; &nbsp;Merge Cond: (pg_class.oid = a.attrelid)</font></div><div><font size="2"   >&nbsp; &nbsp;-&gt; &nbsp;Index Scan using pg_class_oid_index on pg_class &nbsp;(cost=0.27..17.92 rows=310 width=203) (actual time=0.038..0.398 rows=319 loo</font></div><div><font size="2"   >ps=1)</font></div><div><font size="2"   >&nbsp; &nbsp;-&gt; &nbsp;Materialize &nbsp;(cost=0.28..121.78 rows=2382 width=203) (actual time=0.019..1.771 rows=2439 loops=1)</font></div><div><font size="2"   >&nbsp; &nbsp; &nbsp; &nbsp; &nbsp;-&gt; &nbsp;Index Scan using pg_attribute_relid_attnum_index on pg_attribute a &nbsp;(cost=0.28..92.01 rows=2382 width=203) (actual time</font></div><div><font size="2"   >=0.016..1.008 rows=2439 loops=1)</font></div><div><font size="2"   >&nbsp;Total runtime: 4.765 ms</font></div><div><font size="2"   >(6 rows)</font></div><p></p></pre></div></div><div><br></div><div>打完补丁后, 该场景enable_material有效.</div><div><div><pre class="prettyprint"   ><p></p><div><font size="2"   >[root@db-172-16-3-33 ~]# cd /opt/soft_bak/postgresql-1b1d3d9</font></div><div><font size="2"   >[root@db-172-16-3-33 postgresql-1b1d3d9]# wget http://www.postgresql.org/message-id/attachment/29994/enable_material_v01.patch</font></div><div><font size="2"   ><br></font></div><div><font size="2"   >[root@db-172-16-3-33 postgresql-1b1d3d9]# patch -p1 &lt; enable_material_v01.patch&nbsp;</font></div><div><font size="2"   >patching file src/backend/optimizer/path/costsize.c</font></div><div><font size="2"   ><br></font></div><div><font size="2"   >[root@db-172-16-3-33 postgresql-1b1d3d9]# gmake &amp;&amp; gmake install</font></div><div><font size="2"   ><br></font></div><div><font size="2"   >[root@db-172-16-3-33 postgresql-1b1d3d9]# su - pg94</font></div><div><font size="2"   >pg_cpg94@db-172-16-3-33-&gt; pg_ctl restart -m fast</font></div><div><font size="2"   >waiting for server to shut down.... done</font></div><div><font size="2"   >server stopped</font></div><div><font size="2"   >server starting</font></div><div><font size="2"   >pg94@db-172-16-3-33-&gt; LOG: &nbsp;00000: loaded library "pg_stat_statements"</font></div><div><font size="2"   >LOCATION: &nbsp;load_libraries, miscinit.c:1297</font></div><div><font size="2"   >LOG: &nbsp;00000: redirecting log output to logging collector process</font></div><div><font size="2"   >HINT: &nbsp;Future log output will appear in directory "pg_log".</font></div><div><font size="2"   >LOCATION: &nbsp;SysLogger_Start, syslogger.c:649</font></div><p></p></pre></div><div><br></div></div><div><pre class="prettyprint"   ><p></p><div><font size="2"   >digoal=# explain analyze select * from</font></div><div><font size="2"   >&nbsp; &nbsp; ( select oid, * from pg_class order by oid) as c</font></div><div><font size="2"   >&nbsp; &nbsp; join</font></div><div><font size="2"   >&nbsp; &nbsp; ( select * from pg_attribute a order by attrelid) as a</font></div><div><font size="2"   >&nbsp; &nbsp; on c.oid = a.attrelid;</font></div><div><font size="2"   >&nbsp; &nbsp; &nbsp; &nbsp; &nbsp; &nbsp; &nbsp; &nbsp; &nbsp; &nbsp; &nbsp; &nbsp; &nbsp; &nbsp; &nbsp; &nbsp; &nbsp; &nbsp; &nbsp; &nbsp; &nbsp; &nbsp; &nbsp; &nbsp; &nbsp; &nbsp; &nbsp; &nbsp; &nbsp; &nbsp; &nbsp; &nbsp; &nbsp; &nbsp; &nbsp; &nbsp; &nbsp; &nbsp; &nbsp;QUERY PLAN &nbsp; &nbsp; &nbsp; &nbsp; &nbsp; &nbsp; &nbsp; &nbsp; &nbsp; &nbsp; &nbsp; &nbsp; &nbsp; &nbsp; &nbsp; &nbsp; &nbsp; &nbsp; &nbsp; &nbsp; &nbsp; &nbsp;&nbsp;</font></div><div><font size="2"   >&nbsp; &nbsp; &nbsp; &nbsp; &nbsp; &nbsp; &nbsp; &nbsp; &nbsp; &nbsp; &nbsp; &nbsp; &nbsp; &nbsp; &nbsp; &nbsp; &nbsp;</font></div><div><font size="2"   >------------------------------------------------------------------------------------------------------------------------------------</font></div><div><font size="2"   >---------------------------------</font></div><div><font size="2"   >&nbsp;Merge Join &nbsp;(cost=0.55..185.43 rows=2372 width=410) (actual time=0.039..3.478 rows=2538 loops=1)</font></div><div><font size="2"   >&nbsp; &nbsp;Merge Cond: (pg_class.oid = a.attrelid)</font></div><div><font size="2"   >&nbsp; &nbsp;-&gt; &nbsp;Index Scan using pg_class_oid_index on pg_class &nbsp;(cost=0.27..19.86 rows=306 width=207) (actual time=0.010..0.309 rows=332 loo</font></div><div><font size="2"   >ps=1)</font></div><div><font size="2"   >&nbsp; &nbsp;-&gt; &nbsp;Materialize &nbsp;(cost=0.28..131.62 rows=2558 width=203) (actual time=0.023..1.588 rows=2538 loops=1)</font></div><div><font size="2"   >&nbsp; &nbsp; &nbsp; &nbsp; &nbsp;-&gt; &nbsp;Index Scan using pg_attribute_relid_attnum_index on pg_attribute a &nbsp;(cost=0.28..99.65 rows=2558 width=203) (actual time</font></div><div><font size="2"   >=0.018..1.106 rows=2538 loops=1)</font></div><div><font size="2"   >&nbsp;Total runtime: 3.783 ms</font></div><div><font size="2"   >(6 rows)</font></div><div><font size="2"   ><br></font></div><div><font size="2"   >digoal=# show enable_material;</font></div><div><font size="2"   >&nbsp;enable_material&nbsp;</font></div><div><font size="2"   >-----------------</font></div><div><font size="2"   >&nbsp;on</font></div><div><font size="2"   >(1 row)</font></div><div><font size="2"   ><br></font></div><div><font size="2"   >digoal=# set enable_material=off;</font></div><div><font size="2"   >SET</font></div><div><font size="2"   >digoal=# explain analyze select * from</font></div><div><font size="2"   >&nbsp; &nbsp; ( select oid, * from pg_class order by oid) as c</font></div><div><font size="2"   >&nbsp; &nbsp; join</font></div><div><font size="2"   >&nbsp; &nbsp; ( select * from pg_attribute a order by attrelid) as a</font></div><div><font size="2"   >&nbsp; &nbsp; on c.oid = a.attrelid;</font></div><div><font size="2"   >&nbsp; &nbsp; &nbsp; &nbsp; &nbsp; &nbsp; &nbsp; &nbsp; &nbsp; &nbsp; &nbsp; &nbsp; &nbsp; &nbsp; &nbsp; &nbsp; &nbsp; &nbsp; &nbsp; &nbsp; &nbsp; &nbsp; &nbsp; &nbsp; &nbsp; &nbsp; &nbsp; &nbsp; &nbsp; &nbsp; &nbsp; &nbsp; &nbsp; &nbsp; &nbsp; &nbsp; &nbsp; &nbsp; &nbsp;QUERY PLAN &nbsp; &nbsp; &nbsp; &nbsp; &nbsp; &nbsp; &nbsp; &nbsp; &nbsp; &nbsp; &nbsp; &nbsp; &nbsp; &nbsp; &nbsp; &nbsp; &nbsp; &nbsp; &nbsp; &nbsp; &nbsp; &nbsp;&nbsp;</font></div><div><font size="2"   >&nbsp; &nbsp; &nbsp; &nbsp; &nbsp; &nbsp; &nbsp; &nbsp; &nbsp; &nbsp; &nbsp; &nbsp; &nbsp; &nbsp; &nbsp; &nbsp; &nbsp;</font></div><div><font size="2"   >------------------------------------------------------------------------------------------------------------------------------------</font></div><div><font size="2"   >---------------------------------</font></div><div><font size="2"   >&nbsp;Hash Join &nbsp;(cost=157.48..237.89 rows=2372 width=410) (actual time=1.564..3.174 rows=2538 loops=1)</font></div><div><font size="2"   >&nbsp; &nbsp;Hash Cond: (pg_class.oid = a.attrelid)</font></div><div><font size="2"   >&nbsp; &nbsp;-&gt; &nbsp;Index Scan using pg_class_oid_index on pg_class &nbsp;(cost=0.27..19.86 rows=306 width=207) (actual time=0.019..0.287 rows=332 loo</font></div><div><font size="2"   >ps=1)</font></div><div><font size="2"   >&nbsp; &nbsp;-&gt; &nbsp;Hash &nbsp;(cost=125.23..125.23 rows=2558 width=203) (actual time=1.526..1.526 rows=2538 loops=1)</font></div><div><font size="2"   >&nbsp; &nbsp; &nbsp; &nbsp; &nbsp;Buckets: 1024 &nbsp;Batches: 1 &nbsp;Memory Usage: 367kB</font></div><div><font size="2"   >&nbsp; &nbsp; &nbsp; &nbsp; &nbsp;-&gt; &nbsp;Index Scan using pg_attribute_relid_attnum_index on pg_attribute a &nbsp;(cost=0.28..99.65 rows=2558 width=203) (actual time</font></div><div><font size="2"   >=0.009..0.731 rows=2538 loops=1)</font></div><div><font size="2"   >&nbsp;Total runtime: 3.437 ms</font></div><div><font size="2"   >(7 rows)</font></div><p></p></pre></div><div><br></div>[参考]<wbr><div>1.&nbsp;src/backend/optimizer/path/costsize.c</div><div>2.&nbsp;<a style="line-height: 22px;" rel="nofollow" href="http://www.postgresql.org/message-id/flat/CAMkU=1zYsYH7EpHF_RKBiN5fjoudFqGiYKVMnhb2LhU3m8UHLA@mail.gmail.com#CAMkU=1zYsYH7EpHF_RKBiN5fjoudFqGiYKVMnhb2LhU3m8UHLA@mail.gmail.com"   >http://www.postgresql.org/message-id/flat/CAMkU=1zYsYH7EpHF_RKBiN5fjoudFqGiYKVMnhb2LhU3m8UHLA@mail.gmail.com#CAMkU=1zYsYH7EpHF_RKBiN5fjoudFqGiYKVMnhb2LhU3m8UHLA@mail.gmail.com</a></div><div>3.&nbsp;<a style="line-height: 22px;" target="_blank" rel="nofollow" href="http://www.depesz.com/2013/05/09/explaining-the-unexplainable-part-3/"   >http://www.depesz.com/2013/05/09/explaining-the-unexplainable-part-3/</a></div></div>
	</div>
</div>
</body>
</html>