<html>
<head>
<meta http-equiv="Content-Type" content="text/html;charset=gbk">
<title>PostgreSQL research</title>
<style type="text/css">
.blogcnt{line-height:160%;font-size:14px;text-align:left;word-wrap:break-word;}
.blogcnt *{line-height:160%;}
.blogcnt p{margin:0 0 10px;}
.blogcnt ul,.nbw-blog ol{margin:5px 0 5px 40px;padding:0}
.blogcnt em{font-style:italic;}
.blogcnt blockquote{font-size:1em;margin:auto 0 auto 35px;}
.blogcnt img{border:0;max-width:100%;}
</style>
</head>
<body style="color:#444444;">
<h1 id="blog-Title"><a href="index.html">PostgreSQL research</a></h1>
<div id="" style="padding:0 20px;">
	<h2 id="">Postgres-XC 1.1devel add __REMOTE_LIMIT_QUERY__ can forward limit to datanode</h2>
	<h5 id="">2013-04-10 8:13:55&nbsp;&nbsp;&nbsp;<a href="http://blog.163.com/digoal@126/blog/static/16387704020133108138729/" target="_blank">查看原文&gt;&gt;</a></h5>
	<div class="" id="" style="padding:0 20px;">
		<div class="blogcnt" style="width:800px;">1.0.2的版本中Postgres-XC查询limit语句的话, 会将所有数据传输到coordinator节点, 然后进行limit.&nbsp;<wbr><div>这个确实非常糟糕. 大表甚至会引起coordinator节点崩溃.</div><div>1.1 devel增加了__REMOTE_LIMIT_QUERY__, 可以将limit放到datanode节点执行了, 大大减少了网络传输的数据量, 大大缩短了查询时间.</div><div>一下是两个版本的执行计划对比 :&nbsp;</div><div>1.0.2 :&nbsp;</div><div><pre class="prettyprint"   ><p></p><div><div><font size="2"   >[postgres@db-172-16-19-13 ~]$ psql</font></div><div><font size="2"   >psql (PGXC 1.0.2, based on PG 9.1.7)</font></div><div><font size="2"   >Type "help" for help.</font></div></div><div><div><font size="2"   >digoal=&gt; create table test (id int primary key, info text, crt_time timestamp) distribute by hash(id) to group gp0;</font></div><div><font size="2"   >NOTICE: &nbsp;00000: CREATE TABLE / PRIMARY KEY will create implicit index "test_pkey1" for table "test"</font></div><div><font size="2"   >LOCATION: &nbsp;DefineIndex, indexcmds.c:428</font></div><div><font size="2"   >CREATE TABLE</font></div><div><font size="2"   >digoal=&gt; insert into test select generate_series(1,10000),md5(random()::text),clock_timestamp();</font></div><div><font size="2"   >INSERT 0 10000</font></div><div><font size="2"   >digoal=&gt; explain analyze verbose select * from test limit 1;</font></div><div><font size="2"   >&nbsp; &nbsp; &nbsp; &nbsp; &nbsp; &nbsp; &nbsp; &nbsp; &nbsp; &nbsp; &nbsp; &nbsp; &nbsp; &nbsp; &nbsp; &nbsp; &nbsp; &nbsp; &nbsp; &nbsp; &nbsp; &nbsp; &nbsp; &nbsp; &nbsp; &nbsp; &nbsp;QUERY PLAN &nbsp; &nbsp; &nbsp; &nbsp; &nbsp; &nbsp; &nbsp; &nbsp; &nbsp; &nbsp; &nbsp; &nbsp; &nbsp; &nbsp; &nbsp; &nbsp; &nbsp; &nbsp; &nbsp; &nbsp; &nbsp; &nbsp; &nbsp; &nbsp; &nbsp; &nbsp;&nbsp;</font></div><div><font size="2"   >--------------------------------------------------------------------------------------------------------------------</font></div><div><font size="2"   >&nbsp;Limit &nbsp;(cost=0.00..0.00 rows=1 width=44) (actual time=0.963..0.964 rows=1 loops=1)</font></div><div><font size="2"   >&nbsp; &nbsp;Output: id, info, crt_time</font></div><div><font size="2"   >&nbsp; &nbsp;-&gt; &nbsp;Result &nbsp;(cost=0.00..0.00 rows=1000 width=44) (actual time=0.961..0.961 rows=1 loops=1)</font></div><div><font size="2"   >&nbsp; &nbsp; &nbsp; &nbsp; &nbsp;Output: id, info, crt_time</font></div><div><font size="2"   >&nbsp; &nbsp; &nbsp; &nbsp; &nbsp;-&gt; &nbsp;Data Node Scan on test &nbsp;(cost=0.00..0.00 rows=1000 width=44) (actual time=0.959..0.959 rows=1 loops=1)</font></div><div><font size="2"   >&nbsp; &nbsp; &nbsp; &nbsp; &nbsp; &nbsp; &nbsp; &nbsp;Output: id, info, crt_time</font></div><div><font size="2"   >&nbsp; &nbsp; &nbsp; &nbsp; &nbsp; &nbsp; &nbsp; &nbsp;Node/s: datanode_1, datanode_2, datanode_3, datanode_4, datanode_5</font></div><div><font size="2"   >&nbsp; &nbsp; &nbsp; &nbsp; &nbsp; &nbsp; &nbsp; &nbsp;Remote query: SELECT id, info, crt_time FROM ONLY test WHERE true</font></div><div><font size="2"   >&nbsp;Total runtime: 20.780 ms</font></div><div><font size="2"   >(9 rows)</font></div></div><p></p></pre></div><div><br></div><div>1.1 devel :&nbsp;</div><div><pre class="prettyprint"   ><p></p><div><div><font size="2"   >[pgxc@db-192-168-122-172 ~]$ psql</font></div><div><font size="2"   >psql (PGXC 1.1devel, based on PG 9.2beta2)</font></div><div><font size="2"   >Type "help" for help.</font></div></div><div><div><font size="2"   >postgres=# create table test (id int primary key, info text, crt_time timestamp) distribute by hash(id) to group gp0;</font></div><div><font size="2"   >NOTICE: &nbsp;CREATE TABLE / PRIMARY KEY will create implicit index "test_pkey" for table "test"</font></div><div><font size="2"   >CREATE TABLE</font></div></div><div><div><font size="2"   >postgres=# insert into test select generate_series(1,10000),md5(random()::text),clock_timestamp();</font></div><div><font size="2"   >INSERT 0 10000</font></div></div><div><div><font size="2"   >postgres=# explain analyze verbose select * from test limit 1;</font></div><div><font size="2"   >&nbsp; &nbsp; &nbsp; &nbsp; &nbsp; &nbsp; &nbsp; &nbsp; &nbsp; &nbsp; &nbsp; &nbsp; &nbsp; &nbsp; &nbsp; &nbsp; &nbsp; &nbsp; &nbsp; &nbsp; &nbsp; &nbsp; &nbsp; &nbsp; &nbsp; &nbsp; &nbsp; &nbsp; &nbsp; &nbsp; QUERY PLAN &nbsp; &nbsp; &nbsp; &nbsp; &nbsp; &nbsp; &nbsp; &nbsp; &nbsp; &nbsp; &nbsp; &nbsp; &nbsp; &nbsp; &nbsp; &nbsp; &nbsp; &nbsp; &nbsp; &nbsp; &nbsp; &nbsp; &nbsp; &nbsp; &nbsp; &nbsp; &nbsp; &nbsp; &nbsp; &nbsp;</font></div><div><font size="2"   >----------------------------------------------------------------------------------------------------------------------------------</font></div><div><font size="2"   >&nbsp;Limit &nbsp;(cost=0.00..0.00 rows=1 width=44) (actual time=1.253..1.254 rows=1 loops=1)</font></div><div><font size="2"   >&nbsp; &nbsp;Output: test.id, test.info, test.crt_time</font></div><div><font size="2"   >&nbsp; &nbsp;-&gt; &nbsp;Data Node Scan on "__REMOTE_LIMIT_QUERY__" &nbsp;(cost=0.00..0.00 rows=1000 width=44) (actual time=1.249..1.249 rows=1 loops=1)</font></div><div><font size="2"   >&nbsp; &nbsp; &nbsp; &nbsp; &nbsp;Output: test.id, test.info, test.crt_time</font></div><div><font size="2"   >&nbsp; &nbsp; &nbsp; &nbsp; &nbsp;Node/s: datanode_1, datanode_2, datanode_3, datanode_4, datanode_5, datanode_6</font></div><div><font size="2"   >&nbsp; &nbsp; &nbsp; &nbsp; &nbsp;Remote query: SELECT id, info, crt_time FROM ONLY test WHERE true LIMIT 1::bigint</font></div><div><font size="2"   >&nbsp;Total runtime: 1.459 ms</font></div><div><font size="2"   >(7 rows)</font></div></div><p></p></pre></div><div><br></div><div>[参考]</div><div>1.&nbsp;<a style="line-height: 22px;" href="http://blog.163.com/digoal@126/blog/static/1638770402013388461690/"   >http://blog.163.com/digoal@126/blog/static/1638770402013388461690/</a></div><div>2.&nbsp;<a style="line-height: 22px;" rel="nofollow" href="http://postgres-xc.git.sourceforge.net/git/gitweb.cgi?p=postgres-xc/postgres-xc;a=log;h=refs/heads/master;pg=0"   >http://postgres-xc.git.sourceforge.net/git/gitweb.cgi?p=postgres-xc/postgres-xc;a=log;h=refs/heads/master;pg=0</a></div></div>
	</div>
</div>
</body>
</html>