PostgreSQL research

PostgreSQL partial index case

2013-02-05 17:00:32   查看原文>>

公司的同事问的一个问题 : 

 a = b or a is not null
该怎么做索引 


PostgreSQL 的partial index可以满足这个场景的需求.

postgres=# create table stest (id int, a int, b int, c int, d timestamp);
CREATE TABLE
-- 找个字段长度最小的列做一个条件索引. 例如本例的id字段占用4个字节.
postgres=# create index idx_stest_id on stest(id) where a=b or a is not null;
CREATE INDEX
postgres=# insert into stest select generate_series(1,1000000),null,2,3,clock_timestamp();
INSERT 0 1000000
postgres=# insert into stest select generate_series(1,10),1,2,3,clock_timestamp();
INSERT 0 10
postgres=# insert into stest select generate_series(20,30),1,1,3,clock_timestamp();
INSERT 0 11
postgres=# analyze verbose stest ;
INFO:  analyzing "public.stest"
INFO:  "stest": scanned 6384 of 6384 pages, containing 1001021 live rows and 1221 dead rows; 30000 rows in sample, 1001021 estimated total rows
ANALYZE
postgres=# explain analyze select * from stest where a=b or a is not null;
                                                        QUERY PLAN                                                         
---------------------------------------------------------------------------------------------------------------------------
 Index Scan using idx_stest_id on stest  (cost=0.00..101.82 rows=5005 width=24) (actual time=0.065..0.121 rows=21 loops=1)
 Total runtime: 0.205 ms
(2 rows)


【其他使用partial index的case】
1. http://blog.163.com/digoal@126/blog/static/163877040201222112937900/
2. http://blog.163.com/digoal@126/blog/static/1638770402010650143575/
3. http://blog.163.com/digoal@126/blog/static/163877040201111842311219/
4. http://blog.163.com/digoal@126/blog/static/16387704020121015265329/
